TN:
SF:src/elasticsearch.ts
FN:21,buildIndexName
FN:31,createIndex
FN:64,deleteIndex
FN:82,bulkWriteToES
FN:109,(anonymous_4)
FN:118,(anonymous_5)
FNF:6
FNH:0
FNDA:0,buildIndexName
FNDA:0,createIndex
FNDA:0,deleteIndex
FNDA:0,bulkWriteToES
FNDA:0,(anonymous_4)
FNDA:0,(anonymous_5)
DA:4,1
DA:5,1
DA:8,1
DA:9,0
DA:10,0
DA:12,0
DA:21,1
DA:22,0
DA:28,0
DA:31,1
DA:38,0
DA:39,0
DA:43,0
DA:44,0
DA:45,0
DA:48,0
DA:50,0
DA:52,0
DA:64,1
DA:71,0
DA:72,0
DA:75,0
DA:77,0
DA:82,1
DA:89,0
DA:90,0
DA:93,0
DA:94,0
DA:95,0
DA:97,0
DA:98,0
DA:99,0
DA:101,0
DA:102,0
DA:106,0
DA:109,0
DA:111,0
DA:113,0
DA:114,0
DA:118,0
DA:124,0
DA:125,0
DA:126,0
DA:137,0
DA:138,0
DA:141,0
DA:144,0
LF:47
LH:7
BRDA:8,0,0,0
BRDA:8,0,1,1
BRDA:8,1,0,1
BRDA:8,1,1,1
BRDA:8,1,2,1
BRDA:23,2,0,0
BRDA:23,2,1,0
BRDA:25,3,0,0
BRDA:25,3,1,0
BRDA:38,4,0,0
BRDA:38,4,1,0
BRDA:71,5,0,0
BRDA:71,5,1,0
BRDA:89,6,0,0
BRDA:89,6,1,0
BRDA:113,7,0,0
BRDA:113,7,1,0
BRDA:125,8,0,0
BRDA:125,8,1,0
BRF:19
BRH:4
end_of_record
TN:
SF:src/index.ts
FN:11,createResponse
FN:31,cloneRepo
FN:60,getMatchingFiles
FN:90,getAggregateIPS
FN:119,(anonymous_4)
FN:148,(anonymous_5)
FNF:6
FNH:2
FNDA:0,createResponse
FNDA:2,cloneRepo
FNDA:1,getMatchingFiles
FNDA:0,getAggregateIPS
FNDA:0,(anonymous_4)
FNDA:0,(anonymous_5)
DA:2,1
DA:5,1
DA:6,1
DA:7,1
DA:8,1
DA:9,1
DA:11,1
DA:20,0
DA:31,1
DA:38,2
DA:39,1
DA:42,1
DA:43,1
DA:44,1
DA:46,1
DA:48,1
DA:56,1
DA:57,1
DA:60,1
DA:67,1
DA:68,1
DA:70,1
DA:71,0
DA:74,1
DA:76,1
DA:77,1
DA:79,1
DA:80,1
DA:81,1
DA:85,1
DA:86,1
DA:87,1
DA:90,1
DA:98,0
DA:99,0
DA:101,0
DA:102,0
DA:108,0
DA:109,0
DA:110,0
DA:115,0
DA:116,0
DA:119,1
DA:126,0
DA:128,0
DA:130,0
DA:131,0
DA:135,0
DA:136,0
DA:138,0
DA:141,0
DA:142,0
DA:143,0
DA:145,0
DA:148,0
DA:149,0
DA:150,0
DA:152,0
DA:154,0
LF:59
LH:32
BRDA:38,0,0,1
BRDA:38,0,1,1
BRDA:70,1,0,0
BRDA:70,1,1,1
BRDA:76,2,0,1
BRDA:76,2,1,0
BRDA:109,3,0,0
BRDA:109,3,1,0
BRF:8
BRH:4
end_of_record
